<?xml version="1.0" encoding="UTF-8"?>
<!-- Generated by org.testng.reporters.JUnitXMLReporter -->
<testsuite hostname="DM303" ignored="0" name="IfaTests" tests="17" failures="1" timestamp="18 Jul 2018 11:12:02 GMT" time="126.474" errors="0">
  <testcase name="OnboardingTest" time="43.364" classname="IFA4ctestScripts.ApplyasanIFA">
    <failure type="org.openqa.selenium.WebDriverException" message="unknown error: Element &amp;lt;a href=&amp;quot;https://admin.4cplatform-staging.com/ifas/49/active/1?domain=admin&amp;quot; class=&amp;quot;btn btn-default btn-xs&amp;quot;&amp;gt;...&amp;lt;/a&amp;gt; is not clickable at point (1037, 37). Other element would receive the click: &amp;lt;span class=&amp;quot;visible-lg&amp;quot;&amp;gt;...&amp;lt;/span&amp;gt;
  (Session info: chrome=67.0.3396.99)
  (Driver info: chromedriver=2.40.565498 (ea082db3280dd6843ebfb08a625e3eb905c4f5ab),platform=Windows NT 10.0.17134 x86_64) (WARNING: The server did not provide any stacktrace information)
Command duration or timeout: 0 milliseconds
Build info: version: &amp;apos;3.13.0&amp;apos;, revision: &amp;apos;2f0d292&amp;apos;, time: &amp;apos;2018-06-25T15:24:21.231Z&amp;apos;
System info: host: &amp;apos;DM303&amp;apos;, ip: &amp;apos;10.7.0.159&amp;apos;, os.name: &amp;apos;Windows 10&amp;apos;, os.arch: &amp;apos;amd64&amp;apos;, os.version: &amp;apos;10.0&amp;apos;, java.version: &amp;apos;1.8.0_171&amp;apos;
Driver info: org.openqa.selenium.chrome.ChromeDriver
Capabilities {acceptInsecureCerts: false, acceptSslCerts: false, applicationCacheEnabled: false, browserConnectionEnabled: false, browserName: chrome, chrome: {chromedriverVersion: 2.40.565498 (ea082db3280dd6..., userDataDir: C:\Users\AMRUTA~1.YEM\AppDa...}, cssSelectorsEnabled: true, databaseEnabled: false, handlesAlerts: true, hasTouchScreen: false, javascriptEnabled: true, locationContextEnabled: true, mobileEmulationEnabled: false, nativeEvents: true, networkConnectionEnabled: false, pageLoadStrategy: normal, platform: XP, platformName: XP, rotatable: false, setWindowRect: true, takesHeapSnapshot: true, takesScreenshot: true, unexpectedAlertBehaviour: , unhandledPromptBehavior: , version: 67.0.3396.99, webStorageEnabled: true}
Session ID: 067df472f49573362b4cadb2b85ba7c1">
      <![CDATA[org.openqa.selenium.WebDriverException: unknown error: Element <a href="https://admin.4cplatform-staging.com/ifas/49/active/1?domain=admin" class="btn btn-default btn-xs">...</a> is not clickable at point (1037, 37). Other element would receive the click: <span class="visible-lg">...</span>
  (Session info: chrome=67.0.3396.99)
  (Driver info: chromedriver=2.40.565498 (ea082db3280dd6843ebfb08a625e3eb905c4f5ab),platform=Windows NT 10.0.17134 x86_64) (WARNING: The server did not provide any stacktrace information)
Command duration or timeout: 0 milliseconds
Build info: version: '3.13.0', revision: '2f0d292', time: '2018-06-25T15:24:21.231Z'
System info: host: 'DM303', ip: '10.7.0.159', os.name: 'Windows 10', os.arch: 'amd64', os.version: '10.0', java.version: '1.8.0_171'
Driver info: org.openqa.selenium.chrome.ChromeDriver
Capabilities {acceptInsecureCerts: false, acceptSslCerts: false, applicationCacheEnabled: false, browserConnectionEnabled: false, browserName: chrome, chrome: {chromedriverVersion: 2.40.565498 (ea082db3280dd6..., userDataDir: C:\Users\AMRUTA~1.YEM\AppDa...}, cssSelectorsEnabled: true, databaseEnabled: false, handlesAlerts: true, hasTouchScreen: false, javascriptEnabled: true, locationContextEnabled: true, mobileEmulationEnabled: false, nativeEvents: true, networkConnectionEnabled: false, pageLoadStrategy: normal, platform: XP, platformName: XP, rotatable: false, setWindowRect: true, takesHeapSnapshot: true, takesScreenshot: true, unexpectedAlertBehaviour: , unhandledPromptBehavior: , version: 67.0.3396.99, webStorageEnabled: true}
Session ID: 067df472f49573362b4cadb2b85ba7c1
at org.openqa.selenium.remote.ErrorHandler.createThrowable(ErrorHandler.java:214)
at org.openqa.selenium.remote.ErrorHandler.throwIfResponseFailed(ErrorHandler.java:166)
at org.openqa.selenium.remote.http.JsonHttpResponseCodec.reconstructValue(JsonHttpResponseCodec.java:40)
at org.openqa.selenium.remote.http.AbstractHttpResponseCodec.decode(AbstractHttpResponseCodec.java:80)
at org.openqa.selenium.remote.http.AbstractHttpResponseCodec.decode(AbstractHttpResponseCodec.java:44)
at org.openqa.selenium.remote.HttpCommandExecutor.execute(HttpCommandExecutor.java:158)
at org.openqa.selenium.remote.service.DriverCommandExecutor.execute(DriverCommandExecutor.java:83)
at org.openqa.selenium.remote.RemoteWebDriver.execute(RemoteWebDriver.java:548)
at org.openqa.selenium.remote.RemoteWebElement.execute(RemoteWebElement.java:276)
at org.openqa.selenium.remote.RemoteWebElement.click(RemoteWebElement.java:83)
at IFA4ctestScripts.ApplyasanIFA.OnboardingTest(ApplyasanIFA.java:196)
at java.util.concurrent.ThreadPoolExecutor.runWorker(Unknown Source)
at java.util.concurrent.ThreadPoolExecutor$Worker.run(Unknown Source)
at java.lang.Thread.run(Unknown Source)
... Removed 14 stack frames]]>
    </failure>
  </testcase> <!-- OnboardingTest -->
  <testcase name="IFADatabaseInfoTest" time="4.144" classname="IFA4ctestScripts.IFACompanyTest"/>
  <testcase name="IFATitleTest" time="0.01" classname="IFA4ctestScripts.Loginifa1_4cplatform"/>
  <testcase name="AdminTitleTest" time="0.007" classname="IFA4ctestScripts.Adminlogintest"/>
  <testcase name="SubmitcontactformTest" time="18.743" classname="IFA4ctestScripts.Contactform"/>
  <testcase name="IFAActivitysstest" time="1.591" classname="IFA4ctestScripts.IFACompanyTest"/>
  <testcase name="ContactScrollTest" time="2.038" classname="IFA4ctestScripts.Contactform"/>
  <testcase name="SimpletextTest" time="2.049" classname="IFA4ctestScripts.Loginifa1_4cplatform"/>
  <testcase name="AdLoginTest" time="5.906" classname="IFA4ctestScripts.Adminlogintest"/>
  <testcase name="IFAEdittest" time="3.334" classname="IFA4ctestScripts.IFACompanyTest"/>
  <testcase name="ContactTest" time="6.136" classname="IFA4ctestScripts.Contactform"/>
  <testcase name="LoginTest" time="5.317" classname="IFA4ctestScripts.Loginifa1_4cplatform"/>
  <testcase name="ResendActEmailtest" time="3.413" classname="IFA4ctestScripts.IFACompanyTest"/>
  <testcase name="Screenshot" time="3.593" classname="IFA4ctestScripts.Contactform"/>
  <testcase name="IFAAddresstest" time="0.068" classname="IFA4ctestScripts.IFACompanyTest"/>
  <testcase name="GetintouchTest" time="8.188" classname="IFA4ctestScripts.Contactform"/>
  <testcase name="BacktotopbtnTest" time="8.13" classname="IFA4ctestScripts.Contactform"/>
</testsuite> <!-- IfaTests -->
