<?xml version="1.0" encoding="UTF-8"?>
<testng-results skipped="1" failed="0" ignored="0" total="7" passed="6">
  <reporter-output>
  </reporter-output>
  <suite name="Default suite" duration-ms="154801" started-at="2018-08-08T13:25:20Z" finished-at="2018-08-08T13:27:54Z">
    <groups>
    </groups>
    <test name="Default test" duration-ms="154801" started-at="2018-08-08T13:25:20Z" finished-at="2018-08-08T13:27:54Z">
      <class name="IFA4ctestScripts.Contactform">
        <test-method status="PASS" signature="setup()[pri:0, instance:IFA4ctestScripts.Contactform@551aa95a]" name="setup" is-config="true" duration-ms="2365" started-at="2018-08-08T13:27:07Z" finished-at="2018-08-08T13:27:09Z">
          <reporter-output>
          </reporter-output>
        </test-method> <!-- setup -->
        <test-method status="PASS" signature="SubmitcontactformTest()[pri:1, instance:IFA4ctestScripts.Contactform@551aa95a]" name="SubmitcontactformTest" duration-ms="18588" started-at="2018-08-08T13:27:09Z" finished-at="2018-08-08T13:27:28Z">
          <reporter-output>
          </reporter-output>
        </test-method> <!-- SubmitcontactformTest -->
        <test-method status="PASS" signature="tearDown()[pri:0, instance:IFA4ctestScripts.Contactform@551aa95a]" name="tearDown" is-config="true" duration-ms="584" started-at="2018-08-08T13:27:28Z" finished-at="2018-08-08T13:27:29Z">
          <reporter-output>
          </reporter-output>
        </test-method> <!-- tearDown -->
      </class> <!-- IFA4ctestScripts.Contactform -->
      <class name="IFA4ctestScripts.IFACompanyTest">
        <test-method status="PASS" signature="setup()[pri:0, instance:IFA4ctestScripts.IFACompanyTest@1f36e637]" name="setup" is-config="true" duration-ms="2780" started-at="2018-08-08T13:25:12Z" finished-at="2018-08-08T13:25:15Z">
          <reporter-output>
          </reporter-output>
        </test-method> <!-- setup -->
        <test-method status="PASS" signature="setup()[pri:0, instance:IFA4ctestScripts.IFAJourney1@2758fe70]" name="setup" is-config="true" duration-ms="4423" started-at="2018-08-08T13:25:15Z" finished-at="2018-08-08T13:25:20Z">
          <reporter-output>
          </reporter-output>
        </test-method> <!-- setup -->
        <test-method status="PASS" signature="ADlogintest()[pri:0, instance:IFA4ctestScripts.IFACompanyTest@1f36e637]" name="ADlogintest" is-config="true" duration-ms="6600" started-at="2018-08-08T13:25:20Z" finished-at="2018-08-08T13:25:26Z">
          <reporter-output>
          </reporter-output>
        </test-method> <!-- ADlogintest -->
        <test-method status="PASS" signature="LoginTest()[pri:0, instance:IFA4ctestScripts.IFAJourney1@2758fe70]" name="LoginTest" is-config="true" duration-ms="6173" started-at="2018-08-08T13:25:26Z" finished-at="2018-08-08T13:25:32Z">
          <reporter-output>
          </reporter-output>
        </test-method> <!-- LoginTest -->
        <test-method status="PASS" signature="IFADatabaseInfoTest()[pri:1, instance:IFA4ctestScripts.IFACompanyTest@1f36e637]" name="IFADatabaseInfoTest" duration-ms="4104" started-at="2018-08-08T13:27:39Z" finished-at="2018-08-08T13:27:43Z">
          <reporter-output>
          </reporter-output>
        </test-method> <!-- IFADatabaseInfoTest -->
      </class> <!-- IFA4ctestScripts.IFACompanyTest -->
      <class name="IFA4ctestScripts.ApplyasanIFA">
        <test-method status="PASS" signature="setup()[pri:0, instance:IFA4ctestScripts.ApplyasanIFA@578486a3]" name="setup" is-config="true" duration-ms="2445" started-at="2018-08-08T13:25:32Z" finished-at="2018-08-08T13:25:35Z">
          <reporter-output>
          </reporter-output>
        </test-method> <!-- setup -->
        <test-method status="PASS" signature="OnboardingTest()[pri:0, instance:IFA4ctestScripts.ApplyasanIFA@578486a3]" name="OnboardingTest" duration-ms="81410" started-at="2018-08-08T13:25:35Z" finished-at="2018-08-08T13:26:56Z">
          <reporter-output>
          </reporter-output>
        </test-method> <!-- OnboardingTest -->
        <test-method status="PASS" signature="tearDown()[pri:0, instance:IFA4ctestScripts.ApplyasanIFA@578486a3]" name="tearDown" is-config="true" duration-ms="623" started-at="2018-08-08T13:26:56Z" finished-at="2018-08-08T13:26:57Z">
          <reporter-output>
          </reporter-output>
        </test-method> <!-- tearDown -->
      </class> <!-- IFA4ctestScripts.ApplyasanIFA -->
      <class name="IFA4ctestScripts.AvivaLogintest">
        <test-method status="FAIL" signature="setup()[pri:0, instance:IFA4ctestScripts.AvivaLogintest@35d176f7]" name="setup" is-config="true" duration-ms="11578" started-at="2018-08-08T13:27:43Z" finished-at="2018-08-08T13:27:54Z">
          <exception class="org.openqa.selenium.WebDriverException">
            <message>
              <![CDATA[java.net.SocketException: Connection reset
Build info: version: '3.13.0', revision: '2f0d292', time: '2018-06-25T15:24:21.231Z'
System info: host: 'DM303', ip: '10.7.0.209', os.name: 'Windows 10', os.arch: 'amd64', os.version: '10.0', java.version: '1.8.0_171'
Driver info: driver.version: RemoteWebDriver]]>
            </message>
            <full-stacktrace>
              <![CDATA[org.openqa.selenium.WebDriverException: java.net.SocketException: Connection reset
Build info: version: '3.13.0', revision: '2f0d292', time: '2018-06-25T15:24:21.231Z'
System info: host: 'DM303', ip: '10.7.0.209', os.name: 'Windows 10', os.arch: 'amd64', os.version: '10.0', java.version: '1.8.0_171'
Driver info: driver.version: RemoteWebDriver
at org.openqa.selenium.remote.service.DriverCommandExecutor.execute(DriverCommandExecutor.java:92)
at org.openqa.selenium.remote.RemoteWebDriver.execute(RemoteWebDriver.java:548)
at org.openqa.selenium.remote.RemoteWebDriver.findElement(RemoteWebDriver.java:322)
at org.openqa.selenium.remote.RemoteWebDriver.findElementByXPath(RemoteWebDriver.java:424)
at org.openqa.selenium.By$ByXPath.findElement(By.java:353)
at org.openqa.selenium.remote.RemoteWebDriver.findElement(RemoteWebDriver.java:314)
at IFA4ctestScripts.AvivaLogintest.setup(AvivaLogintest.java:56)
at sun.reflect.NativeMethodAccessorImpl.invoke0(Native Method)
at sun.reflect.NativeMethodAccessorImpl.invoke(Unknown Source)
at sun.reflect.DelegatingMethodAccessorImpl.invoke(Unknown Source)
at java.lang.reflect.Method.invoke(Unknown Source)
at org.testng.internal.MethodInvocationHelper.invokeMethod(MethodInvocationHelper.java:124)
at org.testng.internal.MethodInvocationHelper.invokeMethodConsideringTimeout(MethodInvocationHelper.java:59)
at org.testng.internal.Invoker.invokeConfigurationMethod(Invoker.java:455)
at org.testng.internal.Invoker.invokeConfigurations(Invoker.java:222)
at org.testng.internal.Invoker.invokeMethod(Invoker.java:520)
at org.testng.internal.Invoker.invokeTestMethod(Invoker.java:716)
at org.testng.internal.Invoker.invokeTestMethods(Invoker.java:988)
at org.testng.internal.TestMethodWorker.invokeTestMethods(TestMethodWorker.java:125)
at org.testng.internal.TestMethodWorker.run(TestMethodWorker.java:109)
at org.testng.TestRunner.privateRun(TestRunner.java:648)
at org.testng.TestRunner.run(TestRunner.java:505)
at org.testng.SuiteRunner.runTest(SuiteRunner.java:455)
at org.testng.SuiteRunner.runSequentially(SuiteRunner.java:450)
at org.testng.SuiteRunner.privateRun(SuiteRunner.java:415)
at org.testng.SuiteRunner.run(SuiteRunner.java:364)
at org.testng.SuiteRunnerWorker.runSuite(SuiteRunnerWorker.java:52)
at org.testng.SuiteRunnerWorker.run(SuiteRunnerWorker.java:84)
at org.testng.TestNG.runSuitesSequentially(TestNG.java:1208)
at org.testng.TestNG.runSuitesLocally(TestNG.java:1137)
at org.testng.TestNG.runSuites(TestNG.java:1049)
at org.testng.TestNG.run(TestNG.java:1017)
at org.testng.remote.AbstractRemoteTestNG.run(AbstractRemoteTestNG.java:114)
at org.testng.remote.RemoteTestNG.initAndRun(RemoteTestNG.java:251)
at org.testng.remote.RemoteTestNG.main(RemoteTestNG.java:77)
Caused by: java.net.SocketException: Connection reset
at java.net.SocketInputStream.read(Unknown Source)
at java.net.SocketInputStream.read(Unknown Source)
at okio.Okio$2.read(Okio.java:140)
at okio.AsyncTimeout$2.read(AsyncTimeout.java:237)
at okio.RealBufferedSource.indexOf(RealBufferedSource.java:355)
at okio.RealBufferedSource.readUtf8LineStrict(RealBufferedSource.java:227)
at okhttp3.internal.http1.Http1Codec.readHeaderLine(Http1Codec.java:215)
at okhttp3.internal.http1.Http1Codec.readResponseHeaders(Http1Codec.java:189)
at okhttp3.internal.http.CallServerInterceptor.intercept(CallServerInterceptor.java:88)
at okhttp3.internal.http.RealInterceptorChain.proceed(RealInterceptorChain.java:147)
at okhttp3.internal.connection.ConnectInterceptor.intercept(ConnectInterceptor.java:45)
at okhttp3.internal.http.RealInterceptorChain.proceed(RealInterceptorChain.java:147)
at okhttp3.internal.http.RealInterceptorChain.proceed(RealInterceptorChain.java:121)
at okhttp3.internal.cache.CacheInterceptor.intercept(CacheInterceptor.java:93)
at okhttp3.internal.http.RealInterceptorChain.proceed(RealInterceptorChain.java:147)
at okhttp3.internal.http.RealInterceptorChain.proceed(RealInterceptorChain.java:121)
at okhttp3.internal.http.BridgeInterceptor.intercept(BridgeInterceptor.java:93)
at okhttp3.internal.http.RealInterceptorChain.proceed(RealInterceptorChain.java:147)
at okhttp3.internal.http.RetryAndFollowUpInterceptor.intercept(RetryAndFollowUpInterceptor.java:126)
at okhttp3.internal.http.RealInterceptorChain.proceed(RealInterceptorChain.java:147)
at okhttp3.internal.http.RealInterceptorChain.proceed(RealInterceptorChain.java:121)
at okhttp3.RealCall.getResponseWithInterceptorChain(RealCall.java:200)
at okhttp3.RealCall.execute(RealCall.java:77)
at org.openqa.selenium.remote.internal.OkHttpClient.execute(OkHttpClient.java:105)
at org.openqa.selenium.remote.HttpCommandExecutor.execute(HttpCommandExecutor.java:155)
at org.openqa.selenium.remote.service.DriverCommandExecutor.execute(DriverCommandExecutor.java:83)
... 34 more
]]>
            </full-stacktrace>
          </exception> <!-- org.openqa.selenium.WebDriverException -->
          <reporter-output>
          </reporter-output>
        </test-method> <!-- setup -->
        <test-method status="SKIP" signature="UserprofileTest()[pri:1, instance:IFA4ctestScripts.AvivaLogintest@35d176f7]" name="UserprofileTest" duration-ms="0" started-at="2018-08-08T13:27:54Z" finished-at="2018-08-08T13:27:54Z">
          <exception class="org.openqa.selenium.WebDriverException">
            <message>
              <![CDATA[java.net.SocketException: Connection reset
Build info: version: '3.13.0', revision: '2f0d292', time: '2018-06-25T15:24:21.231Z'
System info: host: 'DM303', ip: '10.7.0.209', os.name: 'Windows 10', os.arch: 'amd64', os.version: '10.0', java.version: '1.8.0_171'
Driver info: driver.version: RemoteWebDriver]]>
            </message>
            <full-stacktrace>
              <![CDATA[org.openqa.selenium.WebDriverException: java.net.SocketException: Connection reset
Build info: version: '3.13.0', revision: '2f0d292', time: '2018-06-25T15:24:21.231Z'
System info: host: 'DM303', ip: '10.7.0.209', os.name: 'Windows 10', os.arch: 'amd64', os.version: '10.0', java.version: '1.8.0_171'
Driver info: driver.version: RemoteWebDriver
at org.openqa.selenium.remote.service.DriverCommandExecutor.execute(DriverCommandExecutor.java:92)
at org.openqa.selenium.remote.RemoteWebDriver.execute(RemoteWebDriver.java:548)
at org.openqa.selenium.remote.RemoteWebDriver.findElement(RemoteWebDriver.java:322)
at org.openqa.selenium.remote.RemoteWebDriver.findElementByXPath(RemoteWebDriver.java:424)
at org.openqa.selenium.By$ByXPath.findElement(By.java:353)
at org.openqa.selenium.remote.RemoteWebDriver.findElement(RemoteWebDriver.java:314)
at IFA4ctestScripts.AvivaLogintest.setup(AvivaLogintest.java:56)
at sun.reflect.NativeMethodAccessorImpl.invoke0(Native Method)
at sun.reflect.NativeMethodAccessorImpl.invoke(Unknown Source)
at sun.reflect.DelegatingMethodAccessorImpl.invoke(Unknown Source)
at java.lang.reflect.Method.invoke(Unknown Source)
at org.testng.internal.MethodInvocationHelper.invokeMethod(MethodInvocationHelper.java:124)
at org.testng.internal.MethodInvocationHelper.invokeMethodConsideringTimeout(MethodInvocationHelper.java:59)
at org.testng.internal.Invoker.invokeConfigurationMethod(Invoker.java:455)
at org.testng.internal.Invoker.invokeConfigurations(Invoker.java:222)
at org.testng.internal.Invoker.invokeMethod(Invoker.java:520)
at org.testng.internal.Invoker.invokeTestMethod(Invoker.java:716)
at org.testng.internal.Invoker.invokeTestMethods(Invoker.java:988)
at org.testng.internal.TestMethodWorker.invokeTestMethods(TestMethodWorker.java:125)
at org.testng.internal.TestMethodWorker.run(TestMethodWorker.java:109)
at org.testng.TestRunner.privateRun(TestRunner.java:648)
at org.testng.TestRunner.run(TestRunner.java:505)
at org.testng.SuiteRunner.runTest(SuiteRunner.java:455)
at org.testng.SuiteRunner.runSequentially(SuiteRunner.java:450)
at org.testng.SuiteRunner.privateRun(SuiteRunner.java:415)
at org.testng.SuiteRunner.run(SuiteRunner.java:364)
at org.testng.SuiteRunnerWorker.runSuite(SuiteRunnerWorker.java:52)
at org.testng.SuiteRunnerWorker.run(SuiteRunnerWorker.java:84)
at org.testng.TestNG.runSuitesSequentially(TestNG.java:1208)
at org.testng.TestNG.runSuitesLocally(TestNG.java:1137)
at org.testng.TestNG.runSuites(TestNG.java:1049)
at org.testng.TestNG.run(TestNG.java:1017)
at org.testng.remote.AbstractRemoteTestNG.run(AbstractRemoteTestNG.java:114)
at org.testng.remote.RemoteTestNG.initAndRun(RemoteTestNG.java:251)
at org.testng.remote.RemoteTestNG.main(RemoteTestNG.java:77)
Caused by: java.net.SocketException: Connection reset
at java.net.SocketInputStream.read(Unknown Source)
at java.net.SocketInputStream.read(Unknown Source)
at okio.Okio$2.read(Okio.java:140)
at okio.AsyncTimeout$2.read(AsyncTimeout.java:237)
at okio.RealBufferedSource.indexOf(RealBufferedSource.java:355)
at okio.RealBufferedSource.readUtf8LineStrict(RealBufferedSource.java:227)
at okhttp3.internal.http1.Http1Codec.readHeaderLine(Http1Codec.java:215)
at okhttp3.internal.http1.Http1Codec.readResponseHeaders(Http1Codec.java:189)
at okhttp3.internal.http.CallServerInterceptor.intercept(CallServerInterceptor.java:88)
at okhttp3.internal.http.RealInterceptorChain.proceed(RealInterceptorChain.java:147)
at okhttp3.internal.connection.ConnectInterceptor.intercept(ConnectInterceptor.java:45)
at okhttp3.internal.http.RealInterceptorChain.proceed(RealInterceptorChain.java:147)
at okhttp3.internal.http.RealInterceptorChain.proceed(RealInterceptorChain.java:121)
at okhttp3.internal.cache.CacheInterceptor.intercept(CacheInterceptor.java:93)
at okhttp3.internal.http.RealInterceptorChain.proceed(RealInterceptorChain.java:147)
at okhttp3.internal.http.RealInterceptorChain.proceed(RealInterceptorChain.java:121)
at okhttp3.internal.http.BridgeInterceptor.intercept(BridgeInterceptor.java:93)
at okhttp3.internal.http.RealInterceptorChain.proceed(RealInterceptorChain.java:147)
at okhttp3.internal.http.RetryAndFollowUpInterceptor.intercept(RetryAndFollowUpInterceptor.java:126)
at okhttp3.internal.http.RealInterceptorChain.proceed(RealInterceptorChain.java:147)
at okhttp3.internal.http.RealInterceptorChain.proceed(RealInterceptorChain.java:121)
at okhttp3.RealCall.getResponseWithInterceptorChain(RealCall.java:200)
at okhttp3.RealCall.execute(RealCall.java:77)
at org.openqa.selenium.remote.internal.OkHttpClient.execute(OkHttpClient.java:105)
at org.openqa.selenium.remote.HttpCommandExecutor.execute(HttpCommandExecutor.java:155)
at org.openqa.selenium.remote.service.DriverCommandExecutor.execute(DriverCommandExecutor.java:83)
... 34 more
]]>
            </full-stacktrace>
          </exception> <!-- org.openqa.selenium.WebDriverException -->
          <reporter-output>
          </reporter-output>
        </test-method> <!-- UserprofileTest -->
        <test-method status="SKIP" signature="tearDown()[pri:0, instance:IFA4ctestScripts.AvivaLogintest@35d176f7]" name="tearDown" is-config="true" duration-ms="0" started-at="2018-08-08T13:27:54Z" finished-at="2018-08-08T13:27:54Z">
          <reporter-output>
          </reporter-output>
        </test-method> <!-- tearDown -->
        <test-method status="SKIP" signature="tearDown()[pri:0, instance:IFA4ctestScripts.IFACompanyTest@1f36e637]" name="tearDown" is-config="true" duration-ms="0" started-at="2018-08-08T13:27:54Z" finished-at="2018-08-08T13:27:54Z">
          <reporter-output>
          </reporter-output>
        </test-method> <!-- tearDown -->
      </class> <!-- IFA4ctestScripts.AvivaLogintest -->
      <class name="IFA4ctestScripts.IFAJourney1">
        <test-method status="PASS" signature="AddNewClient()[pri:1, instance:IFA4ctestScripts.IFAJourney1@2758fe70]" name="AddNewClient" duration-ms="10310" started-at="2018-08-08T13:26:57Z" finished-at="2018-08-08T13:27:07Z">
          <reporter-output>
          </reporter-output>
        </test-method> <!-- AddNewClient -->
      </class> <!-- IFA4ctestScripts.IFAJourney1 -->
      <class name="IFA4ctestScripts.Adminlogintest">
        <test-method status="PASS" signature="setup()[pri:0, instance:IFA4ctestScripts.Adminlogintest@1dfe2924]" name="setup" is-config="true" duration-ms="4401" started-at="2018-08-08T13:27:29Z" finished-at="2018-08-08T13:27:33Z">
          <reporter-output>
          </reporter-output>
        </test-method> <!-- setup -->
        <test-method status="PASS" signature="AdminTitleTest()[pri:1, instance:IFA4ctestScripts.Adminlogintest@1dfe2924]" name="AdminTitleTest" duration-ms="8" started-at="2018-08-08T13:27:33Z" finished-at="2018-08-08T13:27:33Z">
          <reporter-output>
          </reporter-output>
        </test-method> <!-- AdminTitleTest -->
        <test-method status="PASS" signature="tearDown()[pri:0, instance:IFA4ctestScripts.Adminlogintest@1dfe2924]" name="tearDown" is-config="true" duration-ms="591" started-at="2018-08-08T13:27:33Z" finished-at="2018-08-08T13:27:34Z">
          <reporter-output>
          </reporter-output>
        </test-method> <!-- tearDown -->
      </class> <!-- IFA4ctestScripts.Adminlogintest -->
      <class name="IFA4ctestScripts.Loginifa1_4cplatform">
        <test-method status="PASS" signature="setup()[pri:0, instance:IFA4ctestScripts.Loginifa1_4cplatform@6ebc05a6]" name="setup" is-config="true" duration-ms="4398" started-at="2018-08-08T13:27:34Z" finished-at="2018-08-08T13:27:38Z">
          <reporter-output>
          </reporter-output>
        </test-method> <!-- setup -->
        <test-method status="PASS" signature="IFATitleTest()[pri:1, instance:IFA4ctestScripts.Loginifa1_4cplatform@6ebc05a6]" name="IFATitleTest" duration-ms="7" started-at="2018-08-08T13:27:38Z" finished-at="2018-08-08T13:27:38Z">
          <reporter-output>
          </reporter-output>
        </test-method> <!-- IFATitleTest -->
        <test-method status="PASS" signature="tearDown()[pri:0, instance:IFA4ctestScripts.Loginifa1_4cplatform@6ebc05a6]" name="tearDown" is-config="true" duration-ms="592" started-at="2018-08-08T13:27:38Z" finished-at="2018-08-08T13:27:39Z">
          <reporter-output>
          </reporter-output>
        </test-method> <!-- tearDown -->
      </class> <!-- IFA4ctestScripts.Loginifa1_4cplatform -->
    </test> <!-- Default test -->
  </suite> <!-- Default suite -->
</testng-results>
